Сборка начата 26.05.2016 9:46:43.
     1>Проект "D:\Універ\Прога\АСД\Лаби\NumberSystems\NumberSystems\NumberSystems.vcxproj" в узле 2 (целевые объекты Build).
     1>ClCompile:
         D:\Програми\Studio\VC\bin\CL.exe /c /ZI /nologo /W3 /WX- /Od /Oy- /D WIN32 /D _DEBUG /D _CONSOLE /D _LIB /D _UNICODE /D UNICODE /Gm /EHsc /RTC1 /MDd /GS /fp:precise /Zc:wchar_t /Zc:forScope /Fo"Debug\\" /Fd"Debug\vc120.pdb" /Gd /TP /analyze- /errorReport:prompt NumberSystems.cpp stdafx.cpp
         stdafx.cpp
         NumberSystems.cpp
     1>d:\універ\прога\асд\лаби\numbersystems\numbersystems\numbersystems.cpp(32): warning C4244: аргумент: преобразование "double" в "int", возможна потеря данных
     1>d:\універ\прога\асд\лаби\numbersystems\numbersystems\numbersystems.cpp(32): warning C4018: <: несоответствие типов со знаком и без знака
     1>d:\універ\прога\асд\лаби\numbersystems\numbersystems\numbersystems.cpp(34): warning C4244: аргумент: преобразование "double" в "int", возможна потеря данных
     1>d:\універ\прога\асд\лаби\numbersystems\numbersystems\numbersystems.cpp(42): warning C4244: аргумент: преобразование "double" в "int", возможна потеря данных
     1>d:\універ\прога\асд\лаби\numbersystems\numbersystems\numbersystems.cpp(42): warning C4018: <: несоответствие типов со знаком и без знака
     1>d:\універ\прога\асд\лаби\numbersystems\numbersystems\numbersystems.cpp(44): warning C4244: аргумент: преобразование "double" в "int", возможна потеря данных
     1>d:\універ\прога\асд\лаби\numbersystems\numbersystems\numbersystems.cpp(85): warning C4244: +=: преобразование "double" в "int", возможна потеря данных
     1>d:\універ\прога\асд\лаби\numbersystems\numbersystems\numbersystems.cpp(98): warning C4996: 'itoa': The POSIX name for this item is deprecated. Instead, use the ISO C++ conformant name: _itoa. See online help for details.
                 d:\програми\studio\vc\include\stdlib.h(937): см. объявление "itoa"
     1>d:\універ\прога\асд\лаби\numbersystems\numbersystems\numbersystems.cpp(98): warning C4996: 'strcat': This function or variable may be unsafe. Consider using strcat_s instead. To disable deprecation, use _CRT_SECURE_NO_WARNINGS. See online help for details.
                 d:\програми\studio\vc\include\string.h(118): см. объявление "strcat"
     1>d:\універ\прога\асд\лаби\numbersystems\numbersystems\numbersystems.cpp(101): warning C4996: 'itoa': The POSIX name for this item is deprecated. Instead, use the ISO C++ conformant name: _itoa. See online help for details.
                 d:\програми\studio\vc\include\stdlib.h(937): см. объявление "itoa"
     1>d:\універ\прога\асд\лаби\numbersystems\numbersystems\numbersystems.cpp(102): warning C4996: 'strrev': The POSIX name for this item is deprecated. Instead, use the ISO C++ conformant name: _strrev. See online help for details.
                 d:\програми\studio\vc\include\string.h(257): см. объявление "strrev"
     1>d:\універ\прога\асд\лаби\numbersystems\numbersystems\numbersystems.cpp(104): warning C4172: возвращение адреса локальной или временной переменной
     1>d:\універ\прога\асд\лаби\numbersystems\numbersystems\numbersystems.cpp(118): warning C4996: 'strrev': The POSIX name for this item is deprecated. Instead, use the ISO C++ conformant name: _strrev. See online help for details.
                 d:\програми\studio\vc\include\string.h(257): см. объявление "strrev"
     1>d:\універ\прога\асд\лаби\numbersystems\numbersystems\numbersystems.cpp(120): warning C4018: <: несоответствие типов со знаком и без знака
     1>d:\універ\прога\асд\лаби\numbersystems\numbersystems\numbersystems.cpp(123): warning C4172: возвращение адреса локальной или временной переменной
     1>d:\універ\прога\асд\лаби\numbersystems\numbersystems\numbersystems.cpp(145): warning C4244: +=: преобразование "double" в "int", возможна потеря данных
     1>d:\універ\прога\асд\лаби\numbersystems\numbersystems\numbersystems.cpp(155): warning C4018: <: несоответствие типов со знаком и без знака
     1>d:\універ\прога\асд\лаби\numbersystems\numbersystems\numbersystems.cpp(160): warning C4172: возвращение адреса локальной или временной переменной
     1>d:\універ\прога\асд\лаби\numbersystems\numbersystems\numbersystems.cpp(167): warning C4018: <: несоответствие типов со знаком и без знака
     1>d:\універ\прога\асд\лаби\numbersystems\numbersystems\numbersystems.cpp(172): warning C4172: возвращение адреса локальной или временной переменной
     1>d:\універ\прога\асд\лаби\numbersystems\numbersystems\numbersystems.cpp(179): warning C4996: 'strcat': This function or variable may be unsafe. Consider using strcat_s instead. To disable deprecation, use _CRT_SECURE_NO_WARNINGS. See online help for details.
                 d:\програми\studio\vc\include\string.h(118): см. объявление "strcat"
     1>d:\універ\прога\асд\лаби\numbersystems\numbersystems\numbersystems.cpp(180): warning C4996: 'strcat': This function or variable may be unsafe. Consider using strcat_s instead. To disable deprecation, use _CRT_SECURE_NO_WARNINGS. See online help for details.
                 d:\програми\studio\vc\include\string.h(118): см. объявление "strcat"
     1>d:\універ\прога\асд\лаби\numbersystems\numbersystems\numbersystems.cpp(181): warning C4996: 'strcat': This function or variable may be unsafe. Consider using strcat_s instead. To disable deprecation, use _CRT_SECURE_NO_WARNINGS. See online help for details.
                 d:\програми\studio\vc\include\string.h(118): см. объявление "strcat"
     1>d:\універ\прога\асд\лаби\numbersystems\numbersystems\numbersystems.cpp(182): warning C4996: 'strcat': This function or variable may be unsafe. Consider using strcat_s instead. To disable deprecation, use _CRT_SECURE_NO_WARNINGS. See online help for details.
                 d:\програми\studio\vc\include\string.h(118): см. объявление "strcat"
     1>d:\універ\прога\асд\лаби\numbersystems\numbersystems\numbersystems.cpp(183): warning C4996: 'strcat': This function or variable may be unsafe. Consider using strcat_s instead. To disable deprecation, use _CRT_SECURE_NO_WARNINGS. See online help for details.
                 d:\програми\studio\vc\include\string.h(118): см. объявление "strcat"
     1>d:\універ\прога\асд\лаби\numbersystems\numbersystems\numbersystems.cpp(184): warning C4996: 'strcat': This function or variable may be unsafe. Consider using strcat_s instead. To disable deprecation, use _CRT_SECURE_NO_WARNINGS. See online help for details.
                 d:\програми\studio\vc\include\string.h(118): см. объявление "strcat"
     1>d:\універ\прога\асд\лаби\numbersystems\numbersystems\numbersystems.cpp(185): warning C4996: 'itoa': The POSIX name for this item is deprecated. Instead, use the ISO C++ conformant name: _itoa. See online help for details.
                 d:\програми\studio\vc\include\stdlib.h(937): см. объявление "itoa"
         Создание кода...
       Link:
         D:\Програми\Studio\VC\bin\link.exe /ERRORREPORT:PROMPT /OUT:"D:\Універ\Прога\АСД\Лаби\NumberSystems\Debug\NumberSystems.exe" /INCREMENTAL /NOLOGO kernel32.lib user32.lib gdi32.lib winspool.lib comdlg32.lib advapi32.lib shell32.lib ole32.lib oleaut32.lib uuid.lib odbc32.lib odbccp32.lib /MANIFEST /MANIFESTUAC:"level='asInvoker' uiAccess='false'" /manifest:embed /DEBUG /PDB:"D:\Універ\Прога\АСД\Лаби\NumberSystems\Debug\NumberSystems.pdb" /SUBSYSTEM:CONSOLE /TLBID:1 /DYNAMICBASE /NXCOMPAT /IMPLIB:"D:\Універ\Прога\АСД\Лаби\NumberSystems\Debug\NumberSystems.lib" /MACHINE:X86 Debug\NumberSystems.obj
         Debug\stdafx.obj
         NumberSystems.vcxproj -> D:\Універ\Прога\АСД\Лаби\NumberSystems\Debug\NumberSystems.exe
     1>Сборка проекта "D:\Універ\Прога\АСД\Лаби\NumberSystems\NumberSystems\NumberSystems.vcxproj" завершена (целевые объекты Build).

Сборка успешно завершена.

Затраченное время: 00:00:08.05
